#
# A fatal error has been detected by the Java Runtime Environment:
#
#  SIGSEGV (0xb) at pc=0x000000010bb4fce7, pid=456, tid=0x0000000000013107
#
# JRE version: Java(TM) SE Runtime Environment (8.0_111-b14) (build 1.8.0_111-b14)
# Java VM: Java HotSpot(TM) 64-Bit Server VM (25.111-b14 mixed mode bsd-amd64 compressed oops)
# Problematic frame:
# C  [libawt_lwawt.dylib+0x1ace7]  OGLSD_SetScratchSurface+0x53
#
# Failed to write core dump. Core dumps have been disabled. To enable core dumping, try "ulimit -c unlimited" before starting Java again
#
# If you would like to submit a bug report, please visit:
#   http://bugreport.java.com/bugreport/crash.jsp
# The crash happened outside the Java Virtual Machine in native code.
# See problematic frame for where to report the bug.
#

---------------  T H R E A D  ---------------

Current thread (0x00007f8af71ee800):  JavaThread "Java2D Queue Flusher" daemon [_thread_in_native, id=78087, stack(0x000070000ec73000,0x000070000ed73000)]

siginfo: si_signo: 11 (SIGSEGV), si_code: 1 (SEGV_MAPERR), si_addr: 0x00000000f045c748

Registers:
RAX=0x00007f8af8222038, RBX=0x000000010c0ff560, RCX=0x00007f8af8222040, RDX=0x0000000000000000
RSP=0x000070000ed72720, RBP=0x000070000ed72740, RSI=0x00007f8af66d5720, RDI=0x00007f8af8222038
R8 =0x0000000000000000, R9 =0x0000000000000000, R10=0x00007f8afa0e5000, R11=0x00007f8afa0b1406
R12=0x0000000000000000, R13=0x000070000ed728e8, R14=0x00007f8af71ee9f8, R15=0x00000000f045c748
RIP=0x000000010bb4fce7, EFLAGS=0x0000000000010202, ERR=0x0000000000000004
  TRAPNO=0x000000000000000e

Top of Stack: (sp=0x000070000ed72720)
0x000070000ed72720:   00007f8af66d5720 0000000000000000
0x000070000ed72730:   00007f8af72dac70 0000000000000028
0x000070000ed72740:   000070000ed727c0 000000010bb70322
0x000070000ed72750:   00007f8a00000000 000000000000008c
0x000070000ed72760:   00007f8af72dac38 0000000000000000
0x000070000ed72770:   000000000000000f 0000000000000000
0x000070000ed72780:   0000000000000000 00007f8af72dac80
0x000070000ed72790:   0000000000000001 00007f8af71ee9f8
0x000070000ed727a0:   00000007800bafb8 0000000000000000
0x000070000ed727b0:   000070000ed72968 00007f8af71ee800
0x000070000ed727c0:   000070000ed72810 000000010c5bd1ea
0x000070000ed727d0:   00000007800bafb8 00007f8af66502c8
0x000070000ed727e0:   000070000ed72810 0000000106b36c74
0x000070000ed727f0:   0000000000000064 0000000000000000
0x000070000ed72800:   0000000000000064 00007f8af66502c8
0x000070000ed72810:   000070000ed72940 000000010c598d04
0x000070000ed72820:   00007f8a00000005 00007f8af71ee800
0x000070000ed72830:   0000000000000001 00007f8af667c560
0x000070000ed72840:   00000007800b4800 00007f8af71ee800
0x000070000ed72850:   00007f8af71ee800 0000000109eb8a00
0x000070000ed72860:   000070000ed72968 00007f8af71ee800
0x000070000ed72870:   00000007800bafb8 0000000100000080
0x000070000ed72880:   00000007800b4808 000000010c523766
0x000070000ed72890:   000070000ed72940 000000010c59872c
0x000070000ed728a0:   000000012211ce2c 000070000ed728e8
0x000070000ed728b0:   000000012211cec0 0000000000000000
0x000070000ed728c0:   00000007800bafb8 000000010c0fc33d
0x000070000ed728d0:   000070000ed72940 000000010c0fc33d
0x000070000ed728e0:   000000010c0fc33d 00000007800bafb8
0x000070000ed728f0:   0000000000000001 00000007800b4808
0x000070000ed72900:   000070000ed728f0 000000010a564ec9
0x000070000ed72910:   000070000ed72968 000000010a565720 

Instructions: (pc=0x000000010bb4fce7)
0x000000010bb4fcc7:   48 85 db 75 0e bf 01 00 00 00 48 8d 15 ef 76 03
0x000000010bb4fcd7:   00 eb d6 49 89 fe 4c 8b 3b 30 c0 e8 83 a3 02 00
0x000000010bb4fce7:   49 8b 3f 49 89 c4 48 8b 35 34 f9 05 00 30 c0 e8
0x000000010bb4fcf7:   cb a4 02 00 48 85 c0 75 4e 30 c0 e8 0d 0d 02 00 

Register to memory mapping:

RAX=0x00007f8af8222038 is an unknown value
RBX=0x000000010c0ff560 is at code_begin+0 in an Interpreter codelet
deoptimization entry points  [0x000000010c0ff560, 0x000000010c10a440]  44768 bytes
RCX=0x00007f8af8222040 is an unknown value
RDX=0x0000000000000000 is an unknown value
RSP=0x000070000ed72720 is pointing into the stack for thread: 0x00007f8af71ee800
RBP=0x000070000ed72740 is pointing into the stack for thread: 0x00007f8af71ee800
RSI=0x00007f8af66d5720 is an unknown value
RDI=0x00007f8af8222038 is an unknown value
R8 =0x0000000000000000 is an unknown value
R9 =0x0000000000000000 is an unknown value
R10=0x00007f8afa0e5000 is an unknown value
R11=0x00007f8afa0b1406 is an unknown value
R12=0x0000000000000000 is an unknown value
R13=0x000070000ed728e8 is pointing into the stack for thread: 0x00007f8af71ee800
R14=0x00007f8af71ee9f8 is an unknown value
R15=0x00000000f045c748 is an unknown value


Stack: [0x000070000ec73000,0x000070000ed73000],  sp=0x000070000ed72720,  free space=1021k
Native frames: (J=compiled Java code, j=interpreted, Vv=VM code, C=native code)
C  [libawt_lwawt.dylib+0x1ace7]  OGLSD_SetScratchSurface+0x53
C  [libawt_lwawt.dylib+0x3b322]  Java_sun_java2d_opengl_OGLRenderQueue_flushBuffer+0x63a
J 1530  sun.java2d.opengl.OGLRenderQueue.flushBuffer(JI)V (0 bytes) @ 0x000000010c5bd1ea [0x000000010c5bd140+0xaa]
J 1495 C1 sun.java2d.opengl.OGLRenderQueue.flushBuffer()V (41 bytes) @ 0x000000010c598d04 [0x000000010c598aa0+0x264]
J 1494 C1 sun.java2d.opengl.OGLRenderQueue.access$100(Lsun/java2d/opengl/OGLRenderQueue;)V (5 bytes) @ 0x000000010c59872c [0x000000010c5986c0+0x6c]
j  sun.java2d.opengl.OGLRenderQueue$QueueFlusher.run()V+81
v  ~StubRoutines::call_stub
V  [libjvm.dylib+0x2ecf8a]  JavaCalls::call_helper(JavaValue*, methodHandle*, JavaCallArguments*, Thread*)+0x6ae
V  [libjvm.dylib+0x2ed718]  JavaCalls::call_virtual(JavaValue*, KlassHandle, Symbol*, Symbol*, JavaCallArguments*, Thread*)+0x164
V  [libjvm.dylib+0x2ed8c4]  JavaCalls::call_virtual(JavaValue*, Handle, KlassHandle, Symbol*, Symbol*, Thread*)+0x4a
V  [libjvm.dylib+0x348039]  thread_entry(JavaThread*, Thread*)+0x7c
V  [libjvm.dylib+0x56a27b]  JavaThread::thread_main_inner()+0x9b
V  [libjvm.dylib+0x56b968]  JavaThread::run()+0x1c2
V  [libjvm.dylib+0x489b0a]  java_start(Thread*)+0xf6
C  [libsystem_pthread.dylib+0x3661]  _pthread_body+0x154
C  [libsystem_pthread.dylib+0x350d]  _pthread_body+0x0
C  [libsystem_pthread.dylib+0x2bf9]  thread_start+0xd
C  0x0000000000000000

Java frames: (J=compiled Java code, j=interpreted, Vv=VM code)
J 1530  sun.java2d.opengl.OGLRenderQueue.flushBuffer(JI)V (0 bytes) @ 0x000000010c5bd178 [0x000000010c5bd140+0x38]
J 1495 C1 sun.java2d.opengl.OGLRenderQueue.flushBuffer()V (41 bytes) @ 0x000000010c598d04 [0x000000010c598aa0+0x264]
J 1494 C1 sun.java2d.opengl.OGLRenderQueue.access$100(Lsun/java2d/opengl/OGLRenderQueue;)V (5 bytes) @ 0x000000010c59872c [0x000000010c5986c0+0x6c]
j  sun.java2d.opengl.OGLRenderQueue$QueueFlusher.run()V+81
v  ~StubRoutines::call_stub

---------------  P R O C E S S  ---------------

Java Threads: ( => current thread )
  0x00007f8afd0cd800 JavaThread "Image Fetcher 0" daemon [_thread_blocked, id=76879, stack(0x000070000faa6000,0x000070000fba6000)]
  0x00007f8af7058800 JavaThread "Thread-11" daemon [_thread_in_native, id=71443, stack(0x000070000d9b7000,0x000070000da37000)]
  0x00007f8af730f000 JavaThread "Thread-10" daemon [_thread_in_native, id=71439, stack(0x000070000d9b7000,0x000070000da37000)]
  0x00007f8af8120000 JavaThread "Thread-9" daemon [_thread_in_native, id=71435, stack(0x000070000d9b7000,0x000070000da37000)]
  0x00007f8af7133000 JavaThread "Thread-8" daemon [_thread_in_native, id=71431, stack(0x000070000d9b7000,0x000070000da37000)]
  0x00007f8af7aea000 JavaThread "TimerQueue" daemon [_thread_blocked, id=31059, stack(0x0000700010038000,0x0000700010138000)]
  0x00007f8af6a1d800 JavaThread "main" [_thread_blocked, id=78347, stack(0x000070000f69a000,0x000070000f79a000)]
  0x00007f8af812f000 JavaThread "SimulationThread" [_thread_blocked, id=57859, stack(0x000070000ff35000,0x0000700010035000)]
  0x00007f8af8072800 JavaThread "Thread-6" daemon [_thread_in_native, id=71427, stack(0x000070000fdaf000,0x000070000fe2f000)]
  0x00007f8af72f2000 JavaThread "Thread-5" daemon [_thread_blocked, id=72707, stack(0x000070000fcac000,0x000070000fdac000)]
  0x00007f8af699e000 JavaThread "QuantumRenderer-0" daemon [_thread_blocked, id=51719, stack(0x000070000f597000,0x000070000f697000)]
  0x00007f8af8225000 JavaThread "AWT-EventQueue-0" [_thread_blocked, id=55811, stack(0x000070000fba9000,0x000070000fca9000)]
  0x00007f8af798e000 JavaThread "RMI Reaper" [_thread_blocked, id=73987, stack(0x000070000f9a3000,0x000070000faa3000)]
  0x00007f8af69ce800 JavaThread "RMI TCP Accept-0" daemon [_thread_in_native, id=55299, stack(0x000070000f8a0000,0x000070000f9a0000)]
  0x00007f8af8221800 JavaThread "Java2D Disposer" daemon [_thread_blocked, id=54535, stack(0x000070000f79d000,0x000070000f89d000)]
  0x00007f8af78ed800 JavaThread "AWT-Shutdown" [_thread_blocked, id=77827, stack(0x000070000f28e000,0x000070000f38e000)]
=>0x00007f8af71ee800 JavaThread "Java2D Queue Flusher" daemon [_thread_in_native, id=78087, stack(0x000070000ec73000,0x000070000ed73000)]
  0x00007f8af72d0000 JavaThread "GC Daemon" daemon [_thread_blocked, id=51463, stack(0x000070000f494000,0x000070000f594000)]
  0x00007f8af78eb000 JavaThread "RMI RenewClean-[127.0.0.1:49173]" daemon [_thread_blocked, id=79367, stack(0x000070000f391000,0x000070000f491000)]
  0x00007f8af8202800 JavaThread "RMI Scheduler(0)" daemon [_thread_blocked, id=46651, stack(0x000070000eeff000,0x000070000efff000)]
  0x00007f8af718a800 JavaThread "DestroyJavaVM" [_thread_blocked, id=6659, stack(0x000070000db40000,0x000070000dc40000)]
  0x00007f8af78dd800 JavaThread "BlueJ worker thread" [_thread_blocked, id=47107, stack(0x000070000f002000,0x000070000f102000)]
  0x00007f8af787a000 JavaThread "JavaFX Application Thread" daemon [_thread_in_native, id=775, stack(0x00007ffee9735000,0x00007ffee9f35000)]
  0x00007f8af684e800 JavaThread "Service Thread" daemon [_thread_blocked, id=17155, stack(0x000070000ea6d000,0x000070000eb6d000)]
  0x00007f8af684e000 JavaThread "C1 CompilerThread2" daemon [_thread_blocked, id=16643, stack(0x000070000e96a000,0x000070000ea6a000)]
  0x00007f8af7843800 JavaThread "C2 CompilerThread1" daemon [_thread_blocked, id=16131, stack(0x000070000e867000,0x000070000e967000)]
  0x00007f8af6839800 JavaThread "C2 CompilerThread0" daemon [_thread_blocked, id=19203, stack(0x000070000e764000,0x000070000e864000)]
  0x00007f8af7842000 JavaThread "JDWP Command Reader" daemon [_thread_in_native, id=15619, stack(0x000070000e661000,0x000070000e761000)]
  0x00007f8af7841800 JavaThread "JDWP Event Helper Thread" daemon [_thread_blocked, id=15107, stack(0x000070000e55e000,0x000070000e65e000)]
  0x00007f8af6835000 JavaThread "JDWP Transport Listener: dt_socket" daemon [_thread_blocked, id=14599, stack(0x000070000e45b000,0x000070000e55b000)]
  0x00007f8af7826800 JavaThread "Signal Dispatcher" daemon [_thread_blocked, id=14343, stack(0x000070000e358000,0x000070000e458000)]
  0x00007f8af6830800 JavaThread "Finalizer" daemon [_thread_blocked, id=12291, stack(0x000070000e255000,0x000070000e355000)]
  0x00007f8af7013000 JavaThread "Reference Handler" daemon [_thread_blocked, id=11779, stack(0x000070000e152000,0x000070000e252000)]

Other Threads:
  0x00007f8af6824000 VMThread [stack: 0x000070000e04f000,0x000070000e14f000] [id=20995]
  0x00007f8af8010800 WatcherThread [stack: 0x000070000eb70000,0x000070000ec70000] [id=18691]

VM state:not at safepoint (normal execution)

VM Mutex/Monitor currently owned by a thread: None

Heap:
 PSYoungGen      total 18944K, used 523K [0x00000007aab00000, 0x00000007ac000000, 0x00000007c0000000)
  eden space 16384K, 3% used [0x00000007aab00000,0x00000007aab82e38,0x00000007abb00000)
  from space 2560K, 0% used [0x00000007abb00000,0x00000007abb00000,0x00000007abd80000)
  to   space 2560K, 0% used [0x00000007abd80000,0x00000007abd80000,0x00000007ac000000)
 ParOldGen       total 44032K, used 6458K [0x0000000780000000, 0x0000000782b00000, 0x00000007aab00000)
  object space 44032K, 14% used [0x0000000780000000,0x000000078064e920,0x0000000782b00000)
 Metaspace       used 21358K, capacity 21960K, committed 22144K, reserved 1069056K
  class space    used 2753K, capacity 2897K, committed 2944K, reserved 1048576K

Card table byte_map: [0x0000000107961000,0x0000000107b62000] byte_map_base: 0x0000000103d61000

Marking Bits: (ParMarkBitMap*) 0x0000000106eefd20
 Begin Bits: [0x0000000107cb8000, 0x0000000108cb8000)
 End Bits:   [0x0000000108cb8000, 0x0000000109cb8000)

Polling page: 0x0000000105d47000

CodeCache: size=245760Kb used=6893Kb max_used=6893Kb free=238866Kb
 bounds [0x000000010c0f4000, 0x000000010c7b4000, 0x000000011b0f4000]
 total_blobs=2783 nmethods=2135 adapters=568
 compilation: enabled

Compilation events (10 events):
Event: 138.099 Thread 0x00007f8af684e000 2193   !   3       sun.net.www.ParseUtil::decode (316 bytes)
Event: 138.211 Thread 0x00007f8af684e000 nmethod 2193 0x000000010c7aae10 code [0x000000010c7ab380, 0x000000010c7aeab8]
Event: 138.211 Thread 0x00007f8af684e000 2196       3       java.awt.image.RGBImageFilter::setPixels (119 bytes)
Event: 138.212 Thread 0x00007f8af684e000 nmethod 2196 0x000000010c7b1250 code [0x000000010c7b1400, 0x000000010c7b1b08]
Event: 138.212 Thread 0x00007f8af684e000 2194       3       com.apple.laf.AquaUtils$IconImageFilter::filterRGB (98 bytes)
Event: 138.213 Thread 0x00007f8af684e000 nmethod 2194 0x000000010c7b1f50 code [0x000000010c7b2120, 0x000000010c7b26c8]
Event: 138.213 Thread 0x00007f8af684e000 2195       3       com.apple.laf.AquaUtils$3::getGreyFor (8 bytes)
Event: 138.213 Thread 0x00007f8af684e000 nmethod 2195 0x000000010c7b2850 code [0x000000010c7b29c0, 0x000000010c7b2b50]
Event: 138.214 Thread 0x00007f8af684e000 2197       1       javax.swing.RepaintManager::access$400 (5 bytes)
Event: 138.214 Thread 0x00007f8af684e000 nmethod 2197 0x000000010c7b2c10 code [0x000000010c7b2d60, 0x000000010c7b2e50]

GC Heap History (10 events):
Event: 13.681 GC heap before
{Heap before GC invocations=5 (full 2):
 PSYoungGen      total 18944K, used 2396K [0x00000007aab00000, 0x00000007ac000000, 0x00000007c0000000)
  eden space 16384K, 0% used [0x00000007aab00000,0x00000007aab00000,0x00000007abb00000)
  from space 2560K, 93% used [0x00000007abb00000,0x00000007abd57190,0x00000007abd80000)
  to   space 2560K, 0% used [0x00000007abd80000,0x00000007abd80000,0x00000007ac000000)
 ParOldGen       total 44032K, used 5441K [0x0000000780000000, 0x0000000782b00000, 0x00000007aab00000)
  object space 44032K, 12% used [0x0000000780000000,0x0000000780550720,0x0000000782b00000)
 Metaspace       used 18615K, capacity 19044K, committed 19200K, reserved 1067008K
  class space    used 2404K, capacity 2553K, committed 2560K, reserved 1048576K
Event: 13.816 GC heap after
Heap after GC invocations=5 (full 2):
 PSYoungGen      total 18944K, used 0K [0x00000007aab00000, 0x00000007ac000000, 0x00000007c0000000)
  eden space 16384K, 0% used [0x00000007aab00000,0x00000007aab00000,0x00000007abb00000)
  from space 2560K, 0% used [0x00000007abb00000,0x00000007abb00000,0x00000007abd80000)
  to   space 2560K, 0% used [0x00000007abd80000,0x00000007abd80000,0x00000007ac000000)
 ParOldGen       total 44032K, used 5469K [0x0000000780000000, 0x0000000782b00000, 0x00000007aab00000)
  object space 44032K, 12% used [0x0000000780000000,0x0000000780557488,0x0000000782b00000)
 Metaspace       used 18615K, capacity 19044K, committed 19200K, reserved 1067008K
  class space    used 2404K, capacity 2553K, committed 2560K, reserved 1048576K
}
Event: 14.159 GC heap before
{Heap before GC invocations=6 (full 2):
 PSYoungGen      total 18944K, used 1424K [0x00000007aab00000, 0x00000007ac000000, 0x00000007c0000000)
  eden space 16384K, 8% used [0x00000007aab00000,0x00000007aac64328,0x00000007abb00000)
  from space 2560K, 0% used [0x00000007abb00000,0x00000007abb00000,0x00000007abd80000)
  to   space 2560K, 0% used [0x00000007abd80000,0x00000007abd80000,0x00000007ac000000)
 ParOldGen       total 44032K, used 5469K [0x0000000780000000, 0x0000000782b00000, 0x00000007aab00000)
  object space 44032K, 12% used [0x0000000780000000,0x0000000780557488,0x0000000782b00000)
 Metaspace       used 18771K, capacity 19344K, committed 19584K, reserved 1067008K
  class space    used 2424K, capacity 2573K, committed 2688K, reserved 1048576K
Event: 14.173 GC heap after
Heap after GC invocations=6 (full 2):
 PSYoungGen      total 18944K, used 160K [0x00000007aab00000, 0x00000007ac000000, 0x00000007c0000000)
  eden space 16384K, 0% used [0x00000007aab00000,0x00000007aab00000,0x00000007abb00000)
  from space 2560K, 6% used [0x00000007abd80000,0x00000007abda8000,0x00000007ac000000)
  to   space 2560K, 0% used [0x00000007abb00000,0x00000007abb00000,0x00000007abd80000)
 ParOldGen       total 44032K, used 5477K [0x0000000780000000, 0x0000000782b00000, 0x00000007aab00000)
  object space 44032K, 12% used [0x0000000780000000,0x0000000780559488,0x0000000782b00000)
 Metaspace       used 18771K, capacity 19344K, committed 19584K, reserved 1067008K
  class space    used 2424K, capacity 2573K, committed 2688K, reserved 1048576K
}
Event: 14.173 GC heap before
{Heap before GC invocations=7 (full 3):
 PSYoungGen      total 18944K, used 160K [0x00000007aab00000, 0x00000007ac000000, 0x00000007c0000000)
  eden space 16384K, 0% used [0x00000007aab00000,0x00000007aab00000,0x00000007abb00000)
  from space 2560K, 6% used [0x00000007abd80000,0x00000007abda8000,0x00000007ac000000)
  to   space 2560K, 0% used [0x00000007abb00000,0x00000007abb00000,0x00000007abd80000)
 ParOldGen       total 44032K, used 5477K [0x0000000780000000, 0x0000000782b00000, 0x00000007aab00000)
  object space 44032K, 12% used [0x0000000780000000,0x0000000780559488,0x0000000782b00000)
 Metaspace       used 18771K, capacity 19344K, committed 19584K, reserved 1067008K
  class space    used 2424K, capacity 2573K, committed 2688K, reserved 1048576K
Event: 14.247 GC heap after
Heap after GC invocations=7 (full 3):
 PSYoungGen      total 18944K, used 0K [0x00000007aab00000, 0x00000007ac000000, 0x00000007c0000000)
  eden space 16384K, 0% used [0x00000007aab00000,0x00000007aab00000,0x00000007abb00000)
  from space 2560K, 0% used [0x00000007abd80000,0x00000007abd80000,0x00000007ac000000)
  to   space 2560K, 0% used [0x00000007abb00000,0x00000007abb00000,0x00000007abd80000)
 ParOldGen       total 44032K, used 5249K [0x0000000780000000, 0x0000000782b00000, 0x00000007aab00000)
  object space 44032K, 11% used [0x0000000780000000,0x0000000780520540,0x0000000782b00000)
 Metaspace       used 18771K, capacity 19344K, committed 19584K, reserved 1067008K
  class space    used 2424K, capacity 2573K, committed 2688K, reserved 1048576K
}
Event: 138.105 GC heap before
{Heap before GC invocations=8 (full 3):
 PSYoungGen      total 18944K, used 15671K [0x00000007aab00000, 0x00000007ac000000, 0x00000007c0000000)
  eden space 16384K, 95% used [0x00000007aab00000,0x00000007aba4dfd0,0x00000007abb00000)
  from space 2560K, 0% used [0x00000007abd80000,0x00000007abd80000,0x00000007ac000000)
  to   space 2560K, 0% used [0x00000007abb00000,0x00000007abb00000,0x00000007abd80000)
 ParOldGen       total 44032K, used 5249K [0x0000000780000000, 0x0000000782b00000, 0x00000007aab00000)
  object space 44032K, 11% used [0x0000000780000000,0x0000000780520540,0x0000000782b00000)
 Metaspace       used 21358K, capacity 21960K, committed 22144K, reserved 1069056K
  class space    used 2753K, capacity 2897K, committed 2944K, reserved 1048576K
Event: 138.117 GC heap after
Heap after GC invocations=8 (full 3):
 PSYoungGen      total 18944K, used 1552K [0x00000007aab00000, 0x00000007ac000000, 0x00000007c0000000)
  eden space 16384K, 0% used [0x00000007aab00000,0x00000007aab00000,0x00000007abb00000)
  from space 2560K, 60% used [0x00000007abb00000,0x00000007abc840b8,0x00000007abd80000)
  to   space 2560K, 0% used [0x00000007abd80000,0x00000007abd80000,0x00000007ac000000)
 ParOldGen       total 44032K, used 5257K [0x0000000780000000, 0x0000000782b00000, 0x00000007aab00000)
  object space 44032K, 11% used [0x0000000780000000,0x0000000780522540,0x0000000782b00000)
 Metaspace       used 21358K, capacity 21960K, committed 22144K, reserved 1069056K
  class space    used 2753K, capacity 2897K, committed 2944K, reserved 1048576K
}
Event: 138.117 GC heap before
{Heap before GC invocations=9 (full 4):
 PSYoungGen      total 18944K, used 1552K [0x00000007aab00000, 0x00000007ac000000, 0x00000007c0000000)
  eden space 16384K, 0% used [0x00000007aab00000,0x00000007aab00000,0x00000007abb00000)
  from space 2560K, 60% used [0x00000007abb00000,0x00000007abc840b8,0x00000007abd80000)
  to   space 2560K, 0% used [0x00000007abd80000,0x00000007abd80000,0x00000007ac000000)
 ParOldGen       total 44032K, used 5257K [0x0000000780000000, 0x0000000782b00000, 0x00000007aab00000)
  object space 44032K, 11% used [0x0000000780000000,0x0000000780522540,0x0000000782b00000)
 Metaspace       used 21358K, capacity 21960K, committed 22144K, reserved 1069056K
  class space    used 2753K, capacity 2897K, committed 2944K, reserved 1048576K
Event: 138.208 GC heap after
Heap after GC invocations=9 (full 4):
 PSYoungGen      total 18944K, used 0K [0x00000007aab00000, 0x00000007ac000000, 0x00000007c0000000)
  eden space 16384K, 0% used [0x00000007aab00000,0x00000007aab00000,0x00000007abb00000)
  from space 2560K, 0% used [0x00000007abb00000,0x00000007abb00000,0x00000007abd80000)
  to   space 2560K, 0% used [0x00000007abd80000,0x00000007abd80000,0x00000007ac000000)
 ParOldGen       total 44032K, used 6458K [0x0000000780000000, 0x0000000782b00000, 0x00000007aab00000)
  object space 44032K, 14% used [0x0000000780000000,0x000000078064e920,0x0000000782b00000)
 Metaspace       used 21358K, capacity 21960K, committed 22144K, reserved 1069056K
  class space    used 2753K, capacity 2897K, committed 2944K, reserved 1048576K
}

Deoptimization events (9 events):
Event: 6.905 Thread 0x00007f8af8225000 Uncommon trap: reason=unstable_if action=reinterpret pc=0x000000010c32da48 method=java.lang.AbstractStringBuilder.append(Ljava/lang/String;)Ljava/lang/AbstractStringBuilder; @ 1
Event: 6.908 Thread 0x00007f8af8225000 Uncommon trap: reason=unstable_if action=reinterpret pc=0x000000010c315f4c method=java.lang.AbstractStringBuilder.append(Ljava/lang/String;)Ljava/lang/AbstractStringBuilder; @ 1
Event: 11.591 Thread 0x00007f8af8225000 Uncommon trap: reason=class_check action=maybe_recompile pc=0x000000010c26f33c method=java.lang.String.equals(Ljava/lang/Object;)Z @ 8
Event: 11.592 Thread 0x00007f8af8225000 Uncommon trap: reason=class_check action=maybe_recompile pc=0x000000010c26f33c method=java.lang.String.equals(Ljava/lang/Object;)Z @ 8
Event: 11.593 Thread 0x00007f8af8225000 Uncommon trap: reason=class_check action=maybe_recompile pc=0x000000010c26f33c method=java.lang.String.equals(Ljava/lang/Object;)Z @ 8
Event: 11.593 Thread 0x00007f8af8225000 Uncommon trap: reason=class_check action=maybe_recompile pc=0x000000010c26f33c method=java.lang.String.equals(Ljava/lang/Object;)Z @ 8
Event: 35.750 Thread 0x00007f8af8168000 Uncommon trap: reason=unstable_if action=reinterpret pc=0x000000010c3971cc method=java.io.BufferedInputStream.read()I @ 23
Event: 135.249 Thread 0x00007f8af8225000 Uncommon trap: reason=unstable_if action=reinterpret pc=0x000000010c6c4d4c method=java.awt.Component.inside(II)Z @ 9
Event: 136.823 Thread 0x00007f8af8225000 Uncommon trap: reason=unstable_if action=reinterpret pc=0x000000010c6e9e44 method=java.awt.Container.findComponentAtImpl(IIZ)Ljava/awt/Component; @ 24

Internal exceptions (10 events):
Event: 2.953 Thread 0x00007f8af7808000 Exception <a 'java/io/FileNotFoundException'> (0x00000007aae10740) thrown at [/Users/java_re/workspace/8-2-build-macosx-x86_64/jdk8u111/7883/hotspot/src/share/vm/prims/jni.cpp, line 709]
Event: 4.707 Thread 0x00007f8af71cd000 Exception <a 'java/lang/NoSuchMethodError': <clinit>> (0x00000007ab121920) thrown at [/Users/java_re/workspace/8-2-build-macosx-x86_64/jdk8u111/7883/hotspot/src/share/vm/prims/jni.cpp, line 1613]
Event: 4.720 Thread 0x00007f8af71cd000 Exception <a 'java/lang/NoSuchMethodError': <clinit>> (0x00000007ab138590) thrown at [/Users/java_re/workspace/8-2-build-macosx-x86_64/jdk8u111/7883/hotspot/src/share/vm/prims/jni.cpp, line 1613]
Event: 4.741 Thread 0x00007f8af78eb000 Exception <a 'java/lang/InterruptedException'> (0x00000007ab16cd48) thrown at [/Users/java_re/workspace/8-2-build-macosx-x86_64/jdk8u111/7883/hotspot/src/share/vm/runtime/objectMonitor.cpp, line 1684]
Event: 6.748 Thread 0x00007f8af8225000 Exception <a 'java/lang/NullPointerException'> (0x00000007aacd5750) thrown at [/Users/java_re/workspace/8-2-build-macosx-x86_64/jdk8u111/7883/hotspot/src/share/vm/interpreter/linkResolver.cpp, line 1178]
Event: 6.905 Thread 0x00007f8af8225000 Implicit null exception at 0x000000010c32d4b6 to 0x000000010c32da2d
Event: 6.908 Thread 0x00007f8af8225000 Implicit null exception at 0x000000010c3159f6 to 0x000000010c315f35
Event: 13.823 Thread 0x00007f8af6830800 Exception <a 'java/lang/NullPointerException'> (0x00000007aab30428) thrown at [/Users/java_re/workspace/8-2-build-macosx-x86_64/jdk8u111/7883/hotspot/src/share/vm/interpreter/linkResolver.cpp, line 1178]
Event: 138.104 Thread 0x00007f8af812f000 Exception <a 'java/lang/InterruptedException': sleep interrupted> (0x00000007aba0cfe8) thrown at [/Users/java_re/workspace/8-2-build-macosx-x86_64/jdk8u111/7883/hotspot/src/share/vm/prims/jvm.cpp, line 3224]
Event: 138.209 Thread 0x00007f8af6830800 Exception <a 'java/lang/NullPointerException'> (0x00000007aab30e20) thrown at [/Users/java_re/workspace/8-2-build-macosx-x86_64/jdk8u111/7883/hotspot/src/share/vm/interpreter/linkResolver.cpp, line 1178]

Events (10 events):
Event: 138.100 Executing VM operation: RevokeBias
Event: 138.100 Executing VM operation: RevokeBias done
Event: 138.104 Thread 0x00007f8af812f000 DEOPT PACKING pc=0x000000010c789b10 sp=0x00007000100346e0
Event: 138.104 Thread 0x00007f8af812f000 DEOPT UNPACKING pc=0x000000010c13b633 sp=0x0000700010034410 mode 1
Event: 138.105 Executing VM operation: ParallelGCSystemGC
Event: 138.208 Executing VM operation: ParallelGCSystemGC done
Event: 138.213 Thread 0x00007f8af6830800 DEOPT PACKING pc=0x000000010c394fbc sp=0x000070000e354830
Event: 138.213 Thread 0x00007f8af6830800 DEOPT UNPACKING pc=0x000000010c13b633 sp=0x000070000e354530 mode 1
Event: 138.213 Executing VM operation: BulkRevokeBias
Event: 138.214 Executing VM operation: BulkRevokeBias done


Dynamic libraries:
0x0000000025eb7000 	/System/Library/Frameworks/Cocoa.framework/Versions/A/Cocoa
0x0000000025eb7000 	/System/Library/Frameworks/Security.framework/Versions/A/Security
0x0000000025eb7000 	/System/Library/Frameworks/ApplicationServices.framework/Versions/A/ApplicationServices
0x0000000025eb7000 	/usr/lib/libz.1.dylib
0x0000000025eb7000 	/usr/lib/libSystem.B.dylib
0x0000000025eb7000 	/usr/lib/libobjc.A.dylib
0x0000000025eb7000 	/System/Library/Frameworks/CoreFoundation.framework/Versions/A/CoreFoundation
0x0000000025eb7000 	/System/Library/Frameworks/Foundation.framework/Versions/C/Foundation
0x0000000025eb7000 	/System/Library/Frameworks/AppKit.framework/Versions/C/AppKit
0x0000000025eb7000 	/System/Library/Frameworks/CoreData.framework/Versions/A/CoreData
0x0000000025eb7000 	/System/Library/PrivateFrameworks/RemoteViewServices.framework/Versions/A/RemoteViewServices
0x0000000025eb7000 	/System/Library/PrivateFrameworks/UIFoundation.framework/Versions/A/UIFoundation
0x0000000025eb7000 	/System/Library/PrivateFrameworks/DFRFoundation.framework/Versions/A/DFRFoundation
0x0000000025eb7000 	/System/Library/Frameworks/Metal.framework/Versions/A/Metal
0x0000000025eb7000 	/System/Library/PrivateFrameworks/DesktopServicesPriv.framework/Versions/A/DesktopServicesPriv
0x0000000025eb7000 	/usr/lib/libenergytrace.dylib
0x0000000025eb7000 	/System/Library/PrivateFrameworks/SkyLight.framework/Versions/A/SkyLight
0x0000000025eb7000 	/System/Library/Frameworks/CoreGraphics.framework/Versions/A/CoreGraphics
0x0000000025eb7000 	/usr/lib/libScreenReader.dylib
0x0000000025eb7000 	/System/Library/Frameworks/Accelerate.framework/Versions/A/Accelerate
0x0000000025eb7000 	/System/Library/Frameworks/IOSurface.framework/Versions/A/IOSurface
0x0000000025eb7000 	/System/Library/Frameworks/AudioToolbox.framework/Versions/A/AudioToolbox
0x0000000025eb7000 	/System/Library/Frameworks/AudioUnit.framework/Versions/A/AudioUnit
0x0000000025eb7000 	/System/Library/PrivateFrameworks/DataDetectorsCore.framework/Versions/A/DataDetectorsCore
0x0000000025eb7000 	/System/Library/Frameworks/Carbon.framework/Versions/A/Frameworks/HIToolbox.framework/Versions/A/HIToolbox
0x0000000025eb7000 	/usr/lib/libicucore.A.dylib
0x0000000025eb7000 	/System/Library/Frameworks/QuartzCore.framework/Versions/A/QuartzCore
0x0000000025eb7000 	/System/Library/PrivateFrameworks/SignpostNotification.framework/Versions/A/SignpostNotification
0x0000000025eb7000 	/System/Library/Frameworks/Carbon.framework/Versions/A/Frameworks/SpeechRecognition.framework/Versions/A/SpeechRecognition
0x0000000025eb7000 	/usr/lib/libauto.dylib
0x0000000025eb7000 	/usr/lib/libxml2.2.dylib
0x0000000025eb7000 	/System/Library/PrivateFrameworks/CoreUI.framework/Versions/A/CoreUI
0x0000000025eb7000 	/System/Library/Frameworks/CoreAudio.framework/Versions/A/CoreAudio
0x0000000025eb7000 	/System/Library/Frameworks/DiskArbitration.framework/Versions/A/DiskArbitration
0x0000000025eb7000 	/usr/lib/liblangid.dylib
0x0000000025eb7000 	/System/Library/PrivateFrameworks/MultitouchSupport.framework/Versions/A/MultitouchSupport
0x0000000025eb7000 	/System/Library/Frameworks/IOKit.framework/Versions/A/IOKit
0x0000000025eb7000 	/usr/lib/libDiagnosticMessagesClient.dylib
0x0000000025eb7000 	/System/Library/Frameworks/CoreServices.framework/Versions/A/CoreServices
0x0000000025eb7000 	/System/Library/PrivateFrameworks/PerformanceAnalysis.framework/Versions/A/PerformanceAnalysis
0x0000000025eb7000 	/System/Library/Frameworks/OpenGL.framework/Versions/A/OpenGL
0x0000000025eb7000 	/System/Library/Frameworks/ColorSync.framework/Versions/A/ColorSync
0x0000000025eb7000 	/System/Library/Frameworks/CoreImage.framework/Versions/A/CoreImage
0x0000000025eb7000 	/System/Library/Frameworks/CoreText.framework/Versions/A/CoreText
0x0000000025eb7000 	/System/Library/Frameworks/ImageIO.framework/Versions/A/ImageIO
0x0000000025eb7000 	/System/Library/PrivateFrameworks/Backup.framework/Versions/A/Backup
0x0000000025eb7000 	/usr/lib/libarchive.2.dylib
0x0000000025eb7000 	/System/Library/Frameworks/CFNetwork.framework/Versions/A/CFNetwork
0x0000000025eb7000 	/System/Library/Frameworks/SystemConfiguration.framework/Versions/A/SystemConfiguration
0x0000000025eb7000 	/usr/lib/libCRFSuite.dylib
0x0000000025eb7000 	/usr/lib/libc++.1.dylib
0x0000000025eb7000 	/usr/lib/libc++abi.dylib
0x0000000025eb7000 	/usr/lib/system/libcache.dylib
0x0000000025eb7000 	/usr/lib/system/libcommonCrypto.dylib
0x0000000025eb7000 	/usr/lib/system/libcompiler_rt.dylib
0x0000000025eb7000 	/usr/lib/system/libcopyfile.dylib
0x0000000025eb7000 	/usr/lib/system/libcorecrypto.dylib
0x0000000025eb7000 	/usr/lib/system/libdispatch.dylib
0x0000000025eb7000 	/usr/lib/system/libdyld.dylib
0x0000000025eb7000 	/usr/lib/system/libkeymgr.dylib
0x0000000025eb7000 	/usr/lib/system/liblaunch.dylib
0x0000000025eb7000 	/usr/lib/system/libmacho.dylib
0x0000000025eb7000 	/usr/lib/system/libquarantine.dylib
0x0000000025eb7000 	/usr/lib/system/libremovefile.dylib
0x0000000025eb7000 	/usr/lib/system/libsystem_asl.dylib
0x0000000025eb7000 	/usr/lib/system/libsystem_blocks.dylib
0x0000000025eb7000 	/usr/lib/system/libsystem_c.dylib
0x0000000025eb7000 	/usr/lib/system/libsystem_configuration.dylib
0x0000000025eb7000 	/usr/lib/system/libsystem_coreservices.dylib
0x0000000025eb7000 	/usr/lib/system/libsystem_darwin.dylib
0x0000000025eb7000 	/usr/lib/system/libsystem_dnssd.dylib
0x0000000025eb7000 	/usr/lib/system/libsystem_info.dylib
0x0000000025eb7000 	/usr/lib/system/libsystem_m.dylib
0x0000000025eb7000 	/usr/lib/system/libsystem_malloc.dylib
0x0000000025eb7000 	/usr/lib/system/libsystem_network.dylib
0x0000000025eb7000 	/usr/lib/system/libsystem_networkextension.dylib
0x0000000025eb7000 	/usr/lib/system/libsystem_notify.dylib
0x0000000025eb7000 	/usr/lib/system/libsystem_sandbox.dylib
0x0000000025eb7000 	/usr/lib/system/libsystem_secinit.dylib
0x0000000025eb7000 	/usr/lib/system/libsystem_kernel.dylib
0x0000000025eb7000 	/usr/lib/system/libsystem_platform.dylib
0x0000000025eb7000 	/usr/lib/system/libsystem_pthread.dylib
0x0000000025eb7000 	/usr/lib/system/libsystem_symptoms.dylib
0x0000000025eb7000 	/usr/lib/system/libsystem_trace.dylib
0x0000000025eb7000 	/usr/lib/system/libunwind.dylib
0x0000000025eb7000 	/usr/lib/system/libxpc.dylib
0x0000000025eb7000 	/usr/lib/closure/libclosured.dylib
0x0000000025eb7000 	/usr/lib/libbsm.0.dylib
0x0000000025eb7000 	/usr/lib/system/libkxld.dylib
0x0000000025eb7000 	/usr/lib/libOpenScriptingUtil.dylib
0x0000000025eb7000 	/usr/lib/libcoretls.dylib
0x0000000025eb7000 	/usr/lib/libcoretls_cfhelpers.dylib
0x0000000025eb7000 	/usr/lib/libpam.2.dylib
0x0000000025eb7000 	/usr/lib/libsqlite3.dylib
0x0000000025eb7000 	/usr/lib/libxar.1.dylib
0x0000000025eb7000 	/usr/lib/libbz2.1.0.dylib
0x0000000025eb7000 	/usr/lib/liblzma.5.dylib
0x0000000025eb7000 	/usr/lib/libnetwork.dylib
0x0000000025eb7000 	/usr/lib/libapple_nghttp2.dylib
0x0000000025eb7000 	/usr/lib/libpcap.A.dylib
0x0000000025eb7000 	/usr/lib/libboringssl.dylib
0x0000000025eb7000 	/usr/lib/libusrtcp.dylib
0x0000000025eb7000 	/usr/lib/libapple_crypto.dylib
0x0000000025eb7000 	/System/Library/Frameworks/CoreServices.framework/Versions/A/Frameworks/FSEvents.framework/Versions/A/FSEvents
0x0000000025eb7000 	/System/Library/Frameworks/CoreServices.framework/Versions/A/Frameworks/CarbonCore.framework/Versions/A/CarbonCore
0x0000000025eb7000 	/System/Library/Frameworks/CoreServices.framework/Versions/A/Frameworks/Metadata.framework/Versions/A/Metadata
0x0000000025eb7000 	/System/Library/Frameworks/CoreServices.framework/Versions/A/Frameworks/OSServices.framework/Versions/A/OSServices
0x0000000025eb7000 	/System/Library/Frameworks/CoreServices.framework/Versions/A/Frameworks/SearchKit.framework/Versions/A/SearchKit
0x0000000025eb7000 	/System/Library/Frameworks/CoreServices.framework/Versions/A/Frameworks/AE.framework/Versions/A/AE
0x0000000025eb7000 	/System/Library/Frameworks/CoreServices.framework/Versions/A/Frameworks/LaunchServices.framework/Versions/A/LaunchServices
0x0000000025eb7000 	/System/Library/Frameworks/CoreServices.framework/Versions/A/Frameworks/DictionaryServices.framework/Versions/A/DictionaryServices
0x0000000025eb7000 	/System/Library/Frameworks/CoreServices.framework/Versions/A/Frameworks/SharedFileList.framework/Versions/A/SharedFileList
0x0000000025eb7000 	/System/Library/Frameworks/NetFS.framework/Versions/A/NetFS
0x0000000025eb7000 	/System/Library/PrivateFrameworks/NetAuth.framework/Versions/A/NetAuth
0x0000000025eb7000 	/System/Library/PrivateFrameworks/login.framework/Versions/A/Frameworks/loginsupport.framework/Versions/A/loginsupport
0x0000000025eb7000 	/System/Library/PrivateFrameworks/TCC.framework/Versions/A/TCC
0x0000000025eb7000 	/usr/lib/libmecabra.dylib
0x0000000025eb7000 	/System/Library/Frameworks/ApplicationServices.framework/Versions/A/Frameworks/ATS.framework/Versions/A/ATS
0x0000000025eb7000 	/System/Library/Frameworks/ApplicationServices.framework/Versions/A/Frameworks/ColorSyncLegacy.framework/Versions/A/ColorSyncLegacy
0x0000000025eb7000 	/System/Library/Frameworks/ApplicationServices.framework/Versions/A/Frameworks/HIServices.framework/Versions/A/HIServices
0x0000000025eb7000 	/System/Library/Frameworks/ApplicationServices.framework/Versions/A/Frameworks/LangAnalysis.framework/Versions/A/LangAnalysis
0x0000000025eb7000 	/System/Library/Frameworks/ApplicationServices.framework/Versions/A/Frameworks/PrintCore.framework/Versions/A/PrintCore
0x0000000025eb7000 	/System/Library/Frameworks/ApplicationServices.framework/Versions/A/Frameworks/QD.framework/Versions/A/QD
0x0000000025eb7000 	/System/Library/Frameworks/ApplicationServices.framework/Versions/A/Frameworks/SpeechSynthesis.framework/Versions/A/SpeechSynthesis
0x0000000025eb7000 	/System/Library/Frameworks/CoreDisplay.framework/Versions/A/CoreDisplay
0x0000000025eb7000 	/System/Library/Frameworks/Accelerate.framework/Versions/A/Frameworks/vImage.framework/Versions/A/vImage
0x0000000025eb7000 	/System/Library/Frameworks/Accelerate.framework/Versions/A/Frameworks/vecLib.framework/Versions/A/vecLib
0x0000000025eb7000 	/System/Library/Frameworks/Accelerate.framework/Versions/A/Frameworks/vecLib.framework/Versions/A/libvDSP.dylib
0x0000000025eb7000 	/System/Library/Frameworks/Accelerate.framework/Versions/A/Frameworks/vecLib.framework/Versions/A/libBNNS.dylib
0x0000000025eb7000 	/System/Library/Frameworks/Accelerate.framework/Versions/A/Frameworks/vecLib.framework/Versions/A/libQuadrature.dylib
0x0000000025eb7000 	/System/Library/Frameworks/Accelerate.framework/Versions/A/Frameworks/vecLib.framework/Versions/A/libvMisc.dylib
0x0000000025eb7000 	/System/Library/Frameworks/Accelerate.framework/Versions/A/Frameworks/vecLib.framework/Versions/A/libLAPACK.dylib
0x0000000025eb7000 	/System/Library/Frameworks/Accelerate.framework/Versions/A/Frameworks/vecLib.framework/Versions/A/libBLAS.dylib
0x0000000025eb7000 	/System/Library/Frameworks/Accelerate.framework/Versions/A/Frameworks/vecLib.framework/Versions/A/libLinearAlgebra.dylib
0x0000000025eb7000 	/System/Library/Frameworks/Accelerate.framework/Versions/A/Frameworks/vecLib.framework/Versions/A/libSparse.dylib
0x0000000025eb7000 	/System/Library/Frameworks/Accelerate.framework/Versions/A/Frameworks/vecLib.framework/Versions/A/libSparseBLAS.dylib
0x0000000025eb7000 	/System/Library/PrivateFrameworks/GPUWrangler.framework/Versions/A/GPUWrangler
0x0000000025eb7000 	/System/Library/PrivateFrameworks/IOAccelerator.framework/Versions/A/IOAccelerator
0x0000000025eb7000 	/System/Library/PrivateFrameworks/IOPresentment.framework/Versions/A/IOPresentment
0x0000000025eb7000 	/System/Library/PrivateFrameworks/DSExternalDisplay.framework/Versions/A/DSExternalDisplay
0x0000000025eb7000 	/System/Library/Frameworks/OpenGL.framework/Versions/A/Libraries/libCoreFSCache.dylib
0x0000000025eb7000 	/System/Library/Frameworks/CoreVideo.framework/Versions/A/CoreVideo
0x0000000025eb7000 	/System/Library/PrivateFrameworks/GraphVisualizer.framework/Versions/A/GraphVisualizer
0x0000000025eb7000 	/System/Library/Frameworks/MetalPerformanceShaders.framework/Versions/A/MetalPerformanceShaders
0x0000000025eb7000 	/usr/lib/libFosl_dynamic.dylib
0x0000000025eb7000 	/System/Library/PrivateFrameworks/FaceCore.framework/Versions/A/FaceCore
0x0000000025eb7000 	/System/Library/Frameworks/OpenCL.framework/Versions/A/OpenCL
0x0000000025eb7000 	/usr/lib/libcompression.dylib
0x0000000025eb7000 	/System/Library/Frameworks/ApplicationServices.framework/Versions/A/Frameworks/ATS.framework/Versions/A/Resources/libFontParser.dylib
0x0000000025eb7000 	/System/Library/Frameworks/ApplicationServices.framework/Versions/A/Frameworks/ATS.framework/Versions/A/Resources/libFontRegistry.dylib
0x0000000025eb7000 	/System/Library/Frameworks/ImageIO.framework/Versions/A/Resources/libJPEG.dylib
0x0000000025eb7000 	/System/Library/Frameworks/ImageIO.framework/Versions/A/Resources/libTIFF.dylib
0x0000000025eb7000 	/System/Library/Frameworks/ImageIO.framework/Versions/A/Resources/libPng.dylib
0x0000000025eb7000 	/System/Library/Frameworks/ImageIO.framework/Versions/A/Resources/libGIF.dylib
0x0000000025eb7000 	/System/Library/Frameworks/ImageIO.framework/Versions/A/Resources/libJP2.dylib
0x0000000025eb7000 	/System/Library/Frameworks/ImageIO.framework/Versions/A/Resources/libRadiance.dylib
0x0000000025eb7000 	/System/Library/PrivateFrameworks/AppleJPEG.framework/Versions/A/AppleJPEG
0x0000000025eb7000 	/System/Library/Frameworks/MetalPerformanceShaders.framework/Frameworks/MPSCore.framework/Versions/A/MPSCore
0x0000000025eb7000 	/System/Library/Frameworks/MetalPerformanceShaders.framework/Frameworks/MPSImage.framework/Versions/A/MPSImage
0x0000000025eb7000 	/System/Library/Frameworks/MetalPerformanceShaders.framework/Frameworks/MPSNeuralNetwork.framework/Versions/A/MPSNeuralNetwork
0x0000000025eb7000 	/System/Library/Frameworks/MetalPerformanceShaders.framework/Frameworks/MPSMatrix.framework/Versions/A/MPSMatrix
0x0000000025eb7000 	/System/Library/PrivateFrameworks/MetalTools.framework/Versions/A/MetalTools
0x0000000025eb7000 	/System/Library/Frameworks/OpenGL.framework/Versions/A/Libraries/libGLU.dylib
0x0000000025eb7000 	/System/Library/Frameworks/OpenGL.framework/Versions/A/Libraries/libGFXShared.dylib
0x0000000025eb7000 	/System/Library/Frameworks/OpenGL.framework/Versions/A/Libraries/libGL.dylib
0x0000000025eb7000 	/System/Library/Frameworks/OpenGL.framework/Versions/A/Libraries/libGLImage.dylib
0x0000000025eb7000 	/System/Library/Frameworks/OpenGL.framework/Versions/A/Libraries/libCVMSPluginSupport.dylib
0x0000000025eb7000 	/System/Library/Frameworks/OpenGL.framework/Versions/A/Libraries/libCoreVMClient.dylib
0x0000000025eb7000 	/usr/lib/libcups.2.dylib
0x0000000025eb7000 	/System/Library/Frameworks/Kerberos.framework/Versions/A/Kerberos
0x0000000025eb7000 	/System/Library/Frameworks/GSS.framework/Versions/A/GSS
0x0000000025eb7000 	/usr/lib/libresolv.9.dylib
0x0000000025eb7000 	/usr/lib/libiconv.2.dylib
0x0000000025eb7000 	/System/Library/PrivateFrameworks/Heimdal.framework/Versions/A/Heimdal
0x0000000025eb7000 	/usr/lib/libheimdal-asn1.dylib
0x0000000025eb7000 	/System/Library/Frameworks/OpenDirectory.framework/Versions/A/OpenDirectory
0x0000000025eb7000 	/System/Library/PrivateFrameworks/CommonAuth.framework/Versions/A/CommonAuth
0x0000000025eb7000 	/System/Library/Frameworks/OpenDirectory.framework/Versions/A/Frameworks/CFOpenDirectory.framework/Versions/A/CFOpenDirectory
0x0000000025eb7000 	/System/Library/Frameworks/SecurityFoundation.framework/Versions/A/SecurityFoundation
0x0000000025eb7000 	/System/Library/PrivateFrameworks/APFS.framework/Versions/A/APFS
0x0000000025eb7000 	/usr/lib/libutil.dylib
0x0000000025eb7000 	/System/Library/PrivateFrameworks/AppleSauce.framework/Versions/A/AppleSauce
0x0000000025eb7000 	/System/Library/PrivateFrameworks/LinguisticData.framework/Versions/A/LinguisticData
0x0000000025eb7000 	/usr/lib/libmarisa.dylib
0x0000000025eb7000 	/System/Library/PrivateFrameworks/Lexicon.framework/Versions/A/Lexicon
0x0000000025eb7000 	/usr/lib/libChineseTokenizer.dylib
0x0000000025eb7000 	/usr/lib/libcmph.dylib
0x0000000025eb7000 	/System/Library/PrivateFrameworks/LanguageModeling.framework/Versions/A/LanguageModeling
0x0000000025eb7000 	/System/Library/PrivateFrameworks/CoreEmoji.framework/Versions/A/CoreEmoji
0x0000000025eb7000 	/System/Library/Frameworks/ServiceManagement.framework/Versions/A/ServiceManagement
0x0000000025eb7000 	/System/Library/PrivateFrameworks/BackgroundTaskManagement.framework/Versions/A/BackgroundTaskManagement
0x0000000025eb7000 	/usr/lib/libxslt.1.dylib
0x0000000025eb7000 	/System/Library/Frameworks/Carbon.framework/Versions/A/Frameworks/Ink.framework/Versions/A/Ink
0x0000000025eb7000 	/System/Library/PrivateFrameworks/TextureIO.framework/Versions/A/TextureIO
0x0000000025eb7000 	/usr/lib/libate.dylib
0x0000000025eb7000 	/System/Library/PrivateFrameworks/CrashReporterSupport.framework/Versions/A/CrashReporterSupport
0x0000000025eb7000 	/System/Library/PrivateFrameworks/Sharing.framework/Versions/A/Sharing
0x0000000025eb7000 	/System/Library/PrivateFrameworks/IconServices.framework/Versions/A/IconServices
0x0000000025eb7000 	/System/Library/PrivateFrameworks/Apple80211.framework/Versions/A/Apple80211
0x0000000025eb7000 	/System/Library/PrivateFrameworks/CoreUtils.framework/Versions/A/CoreUtils
0x0000000025eb7000 	/System/Library/Frameworks/CoreWLAN.framework/Versions/A/CoreWLAN
0x0000000025eb7000 	/System/Library/Frameworks/IOBluetooth.framework/Versions/A/IOBluetooth
0x0000000025eb7000 	/System/Library/PrivateFrameworks/ProtocolBuffer.framework/Versions/A/ProtocolBuffer
0x0000000025eb7000 	/System/Library/PrivateFrameworks/CoreWiFi.framework/Versions/A/CoreWiFi
0x0000000025eb7000 	/System/Library/Frameworks/CoreBluetooth.framework/Versions/A/CoreBluetooth
0x0000000025eb7000 	/System/Library/PrivateFrameworks/DebugSymbols.framework/Versions/A/DebugSymbols
0x0000000025eb7000 	/System/Library/PrivateFrameworks/CoreSymbolication.framework/Versions/A/CoreSymbolication
0x0000000025eb7000 	/System/Library/PrivateFrameworks/Symbolication.framework/Versions/A/Symbolication
0x0000000025eb7000 	/System/Library/PrivateFrameworks/AppleFSCompression.framework/Versions/A/AppleFSCompression
0x0000000025eb7000 	/System/Library/PrivateFrameworks/SpeechRecognitionCore.framework/Versions/A/SpeechRecognitionCore
0x0000000106600000 	/private/var/folders/x3/6_z3hqh944gc_jdd1cfybd1m0000gn/T/AppTranslocation/126627D5-3E8E-44C6-9C59-5E7223833232/d/Greenfoot.app/Contents/JDK/Home/jre/lib/server/libjvm.dylib
0x0000000025eb7000 	/usr/lib/libstdc++.6.0.9.dylib
0x0000000105d04000 	/private/var/folders/x3/6_z3hqh944gc_jdd1cfybd1m0000gn/T/AppTranslocation/126627D5-3E8E-44C6-9C59-5E7223833232/d/Greenfoot.app/Contents/JDK/Home/jre/lib/libverify.dylib
0x0000000105d12000 	/private/var/folders/x3/6_z3hqh944gc_jdd1cfybd1m0000gn/T/AppTranslocation/126627D5-3E8E-44C6-9C59-5E7223833232/d/Greenfoot.app/Contents/JDK/Home/jre/lib/libjava.dylib
0x0000000105d48000 	/private/var/folders/x3/6_z3hqh944gc_jdd1cfybd1m0000gn/T/AppTranslocation/126627D5-3E8E-44C6-9C59-5E7223833232/d/Greenfoot.app/Contents/JDK/Home/jre/lib/libjdwp.dylib
0x0000000105d93000 	/private/var/folders/x3/6_z3hqh944gc_jdd1cfybd1m0000gn/T/AppTranslocation/126627D5-3E8E-44C6-9C59-5E7223833232/d/Greenfoot.app/Contents/JDK/Home/jre/lib/libnpt.dylib
0x0000000105de0000 	/private/var/folders/x3/6_z3hqh944gc_jdd1cfybd1m0000gn/T/AppTranslocation/126627D5-3E8E-44C6-9C59-5E7223833232/d/Greenfoot.app/Contents/JDK/Home/jre/lib/libzip.dylib
0x0000000025eb7000 	/System/Library/Frameworks/JavaVM.framework/Versions/A/Frameworks/JavaRuntimeSupport.framework/Versions/A/JavaRuntimeSupport
0x0000000025eb7000 	/System/Library/Frameworks/JavaVM.framework/Versions/A/Frameworks/JavaNativeFoundation.framework/Versions/A/JavaNativeFoundation
0x0000000025eb7000 	/System/Library/Frameworks/JavaVM.framework/Versions/A/JavaVM
0x0000000025eb7000 	/System/Library/Frameworks/Carbon.framework/Versions/A/Carbon
0x0000000025eb7000 	/System/Library/PrivateFrameworks/JavaLaunching.framework/Versions/A/JavaLaunching
0x0000000025eb7000 	/System/Library/Frameworks/Carbon.framework/Versions/A/Frameworks/CommonPanels.framework/Versions/A/CommonPanels
0x0000000025eb7000 	/System/Library/Frameworks/Carbon.framework/Versions/A/Frameworks/Help.framework/Versions/A/Help
0x0000000025eb7000 	/System/Library/Frameworks/Carbon.framework/Versions/A/Frameworks/ImageCapture.framework/Versions/A/ImageCapture
0x0000000025eb7000 	/System/Library/Frameworks/Carbon.framework/Versions/A/Frameworks/OpenScripting.framework/Versions/A/OpenScripting
0x0000000025eb7000 	/System/Library/Frameworks/Carbon.framework/Versions/A/Frameworks/Print.framework/Versions/A/Print
0x0000000025eb7000 	/System/Library/Frameworks/Carbon.framework/Versions/A/Frameworks/SecurityHI.framework/Versions/A/SecurityHI
0x000000010b98f000 	/private/var/folders/x3/6_z3hqh944gc_jdd1cfybd1m0000gn/T/AppTranslocation/126627D5-3E8E-44C6-9C59-5E7223833232/d/Greenfoot.app/Contents/JDK/Home/jre/lib/libdt_socket.dylib
0x000000010b9c1000 	/private/var/folders/x3/6_z3hqh944gc_jdd1cfybd1m0000gn/T/AppTranslocation/126627D5-3E8E-44C6-9C59-5E7223833232/d/Greenfoot.app/Contents/JDK/Home/jre/lib/libawt.dylib
0x000000010ba69000 	/private/var/folders/x3/6_z3hqh944gc_jdd1cfybd1m0000gn/T/AppTranslocation/126627D5-3E8E-44C6-9C59-5E7223833232/d/Greenfoot.app/Contents/JDK/Home/jre/lib/./libmlib_image.dylib
0x000000010bb35000 	/private/var/folders/x3/6_z3hqh944gc_jdd1cfybd1m0000gn/T/AppTranslocation/126627D5-3E8E-44C6-9C59-5E7223833232/d/Greenfoot.app/Contents/JDK/Home/jre/lib/libawt_lwawt.dylib
0x000000010bbea000 	/private/var/folders/x3/6_z3hqh944gc_jdd1cfybd1m0000gn/T/AppTranslocation/126627D5-3E8E-44C6-9C59-5E7223833232/d/Greenfoot.app/Contents/JDK/Home/jre/lib/./libosxapp.dylib
0x0000000025eb7000 	/System/Library/Frameworks/ExceptionHandling.framework/Versions/A/ExceptionHandling
0x0000000025eb7000 	/System/Library/PrivateFrameworks/CoreServicesInternal.framework/Versions/A/CoreServicesInternal
0x0000000025eb7000 	/System/Library/CoreServices/RawCamera.bundle/Contents/MacOS/RawCamera
0x0000000025eb7000 	/System/Library/PrivateFrameworks/MobileAsset.framework/Versions/A/MobileAsset
0x0000000025eb7000 	/System/Library/PrivateFrameworks/StreamingZip.framework/Versions/A/StreamingZip
0x0000000025eb7000 	/System/Library/Frameworks/MediaToolbox.framework/Versions/A/MediaToolbox
0x0000000025eb7000 	/System/Library/PrivateFrameworks/CoreAVCHD.framework/Versions/A/CoreAVCHD
0x0000000025eb7000 	/System/Library/Frameworks/MediaAccessibility.framework/Versions/A/MediaAccessibility
0x0000000025eb7000 	/System/Library/PrivateFrameworks/Mangrove.framework/Versions/A/Mangrove
0x0000000025eb7000 	/System/Library/Frameworks/CoreMedia.framework/Versions/A/CoreMedia
0x0000000025eb7000 	/System/Library/Frameworks/VideoToolbox.framework/Versions/A/VideoToolbox
0x0000000025eb7000 	/System/Library/PrivateFrameworks/CoreAUC.framework/Versions/A/CoreAUC
0x0000000025eb7000 	/usr/lib/libspindump.dylib
0x0000000025eb7000 	/System/Library/PrivateFrameworks/AppleVA.framework/Versions/A/AppleVA
0x0000000025eb7000 	/System/Library/Frameworks/Accelerate.framework/Versions/A/Frameworks/vImage.framework/Versions/A/Libraries/libCGInterfaces.dylib
0x0000000025eb7000 	/System/Library/PrivateFrameworks/FamilyControls.framework/Versions/A/FamilyControls
0x0000000025eb7000 	/System/Library/PrivateFrameworks/CommerceKit.framework/Versions/A/Frameworks/CommerceCore.framework/Versions/A/CommerceCore
0x0000000025eb7000 	/System/Library/PrivateFrameworks/SystemAdministration.framework/Versions/A/SystemAdministration
0x0000000025eb7000 	/System/Library/PrivateFrameworks/AppContainer.framework/Versions/A/AppContainer
0x0000000025eb7000 	/System/Library/PrivateFrameworks/SecCodeWrapper.framework/Versions/A/SecCodeWrapper
0x0000000025eb7000 	/System/Library/PrivateFrameworks/DiskManagement.framework/Versions/A/DiskManagement
0x0000000025eb7000 	/System/Library/Frameworks/DirectoryService.framework/Versions/A/DirectoryService
0x0000000025eb7000 	/System/Library/PrivateFrameworks/DiskImages.framework/Versions/A/DiskImages
0x0000000025eb7000 	/System/Library/PrivateFrameworks/LoginUIKit.framework/Versions/A/Frameworks/LoginUICore.framework/Versions/A/LoginUICore
0x0000000025eb7000 	/usr/lib/libCoreStorage.dylib
0x0000000025eb7000 	/usr/lib/libcsfde.dylib
0x0000000025eb7000 	/usr/lib/libodfde.dylib
0x0000000025eb7000 	/System/Library/PrivateFrameworks/MediaKit.framework/Versions/A/MediaKit
0x0000000025eb7000 	/System/Library/Frameworks/DiscRecording.framework/Versions/A/DiscRecording
0x0000000025eb7000 	/System/Library/PrivateFrameworks/EFILogin.framework/Versions/A/EFILogin
0x0000000025eb7000 	/System/Library/PrivateFrameworks/ProtectedCloudStorage.framework/Versions/A/ProtectedCloudStorage
0x0000000025eb7000 	/usr/lib/libcurl.4.dylib
0x0000000025eb7000 	/usr/lib/libcrypto.35.dylib
0x0000000025eb7000 	/usr/lib/libssl.35.dylib
0x0000000025eb7000 	/System/Library/Frameworks/LDAP.framework/Versions/A/LDAP
0x0000000025eb7000 	/System/Library/PrivateFrameworks/TrustEvaluationAgent.framework/Versions/A/TrustEvaluationAgent
0x0000000025eb7000 	/usr/lib/libsasl2.2.dylib
0x0000000025eb7000 	/System/Library/PrivateFrameworks/CoreDaemon.framework/Versions/B/CoreDaemon
0x0000000025eb7000 	/System/Library/PrivateFrameworks/AppleSRP.framework/Versions/A/AppleSRP
0x000000011d2e8000 	/private/var/folders/x3/6_z3hqh944gc_jdd1cfybd1m0000gn/T/AppTranslocation/126627D5-3E8E-44C6-9C59-5E7223833232/d/Greenfoot.app/Contents/JDK/Home/jre/lib/libfontmanager.dylib
0x0000000025eb7000 	/System/Library/Frameworks/ApplicationServices.framework/Versions/A/Frameworks/ATS.framework/Versions/A/Resources/libTrueTypeScaler.dylib
0x0000000025eb7000 	/System/Library/Extensions/AppleIntelHD5000GraphicsMTLDriver.bundle/Contents/MacOS/AppleIntelHD5000GraphicsMTLDriver
0x0000000025eb7000 	/System/Library/PrivateFrameworks/GPUCompiler.framework/Versions/3802/Libraries/libmetal_timestamp.dylib
0x000000011e877000 	/private/var/folders/x3/6_z3hqh944gc_jdd1cfybd1m0000gn/T/AppTranslocation/126627D5-3E8E-44C6-9C59-5E7223833232/d/Greenfoot.app/Contents/JDK/Home/jre/lib/libnet.dylib
0x0000000025eb7000 	/System/Library/Frameworks/OpenGL.framework/Versions/A/Resources/GLEngine.bundle/GLEngine
0x0000000025eb7000 	/System/Library/Frameworks/OpenGL.framework/Versions/A/Libraries/libGLProgrammability.dylib
0x000000011e982000 	/System/Library/Extensions/AppleIntelHD5000GraphicsGLDriver.bundle/Contents/MacOS/AppleIntelHD5000GraphicsGLDriver
0x0000000025eb7000 	/System/Library/PrivateFrameworks/GPUSupport.framework/Versions/A/Libraries/libGPUSupportMercury.dylib
0x0000000025eb7000 	/System/Library/Frameworks/OpenGL.framework/Versions/A/Resources/GLRendererFloat.bundle/GLRendererFloat
0x0000000025eb7000 	/System/Library/Frameworks/OpenCL.framework/Versions/A/Libraries/libcldcpuengine.dylib
0x000000011fc2c000 	/private/var/folders/x3/6_z3hqh944gc_jdd1cfybd1m0000gn/T/AppTranslocation/126627D5-3E8E-44C6-9C59-5E7223833232/d/Greenfoot.app/Contents/JDK/Home/jre/lib/libnio.dylib
0x000000011fc3c000 	/private/var/folders/x3/6_z3hqh944gc_jdd1cfybd1m0000gn/T/AppTranslocation/126627D5-3E8E-44C6-9C59-5E7223833232/d/Greenfoot.app/Contents/JDK/Home/jre/lib/libprism_es2.dylib
0x0000000120275000 	/private/var/folders/x3/6_z3hqh944gc_jdd1cfybd1m0000gn/T/AppTranslocation/126627D5-3E8E-44C6-9C59-5E7223833232/d/Greenfoot.app/Contents/JDK/Home/jre/lib/libglass.dylib
0x000000011e00d000 	/private/var/folders/x3/6_z3hqh944gc_jdd1cfybd1m0000gn/T/AppTranslocation/126627D5-3E8E-44C6-9C59-5E7223833232/d/Greenfoot.app/Contents/JDK/Home/jre/lib/libosxui.dylib
0x000000015117c000 	/private/var/folders/x3/6_z3hqh944gc_jdd1cfybd1m0000gn/T/AppTranslocation/126627D5-3E8E-44C6-9C59-5E7223833232/d/Greenfoot.app/Contents/JDK/Home/jre/lib/libjpeg.dylib
0x000000011f974000 	/private/var/folders/x3/6_z3hqh944gc_jdd1cfybd1m0000gn/T/AppTranslocation/126627D5-3E8E-44C6-9C59-5E7223833232/d/Greenfoot.app/Contents/JDK/Home/jre/lib/libdcpr.dylib
0x0000000025eb7000 	/System/Library/PrivateFrameworks/login.framework/Versions/A/login

VM Arguments:
jvm_args: -Dawt.useSystemAAFontSettings=on -XX:MaxGCPauseMillis=50 -agentlib:jdwp=transport=dt_socket,address=127.0.0.1:49174 -Dfile.encoding=UTF-8 
java_command: bluej.runtime.ExecServer UTF-8
java_class_path (initial): /private/var/folders/x3/6_z3hqh944gc_jdd1cfybd1m0000gn/T/AppTranslocation/126627D5-3E8E-44C6-9C59-5E7223833232/d/Greenfoot.app/Contents/Resources/Java/extensions/greenfoot.jar:/private/var/folders/x3/6_z3hqh944gc_jdd1cfybd1m0000gn/T/AppTranslocation/126627D5-3E8E-44C6-9C59-5E7223833232/d/Greenfoot.app/Contents/Resources/Java/bluejcore.jar:/private/var/folders/x3/6_z3hqh944gc_jdd1cfybd1m0000gn/T/AppTranslocation/126627D5-3E8E-44C6-9C59-5E7223833232/d/Greenfoot.app/Contents/Resources/Java/bluejeditor.jar:/private/var/folders/x3/6_z3hqh944gc_jdd1cfybd1m0000gn/T/AppTranslocation/126627D5-3E8E-44C6-9C59-5E7223833232/d/Greenfoot.app/Contents/Resources/Java/bluejext.jar:/private/var/folders/x3/6_z3hqh944gc_jdd1cfybd1m0000gn/T/AppTranslocation/126627D5-3E8E-44C6-9C59-5E7223833232/d/Greenfoot.app/Contents/Resources/Java/AppleJavaExtensions.jar:/private/var/folders/x3/6_z3hqh944gc_jdd1cfybd1m0000gn/T/AppTranslocation/126627D5-3E8E-44C6-9C59-5E7223833232/d/Greenfoot.app/Contents/Resources/Java/junit-4.11.jar:/private/var/folders/x3/6_z3hqh944gc_jdd1cfybd1m0000gn/T/AppTranslocation/126627D5-3E8E-44C6-9C59-5E7223833232/d/Greenfoot.app/Contents/Resources/Java/hamcrest-core-1.3.jar:/private/var/folders/x3/6_z3hqh944gc_jdd1cfybd1m0000gn/T/AppTranslocation/126627D5-3E8E-44C6-9C59-5E7223833232/d/Greenfoot.app/Contents/Resources/Java/bluej.jar:/private/var/folders/x3/6_z3hqh944gc_jdd1cfybd1m0000gn/T/AppTranslocation/126627D5-3E8E-44C6-9C59-5E7223833232/d/Greenfoot.app/Contents/Resources/Java/diffutils-1.2.1.jar:/private/var/folders/x3/6_z3hqh944gc_jdd1cfybd1m0000gn/T/AppTranslocation/126627D5-3E8E-44C6-9C59-5E7223833232/d/Greenfoot.app/Contents/Resources/Java/commons-httpclient-3.1.jar:/private/var/folders/x3/6_z3hqh944gc_jdd1cfybd1m0000gn/T/AppTranslocation/126627D5-3E8E-44C6-9C59-5E7223833232/d/Greenfoot.app/Contents/Resources/Java/commons-logging-api-1.1.2.jar:/private/var/folders/x3/6_z3hqh944gc_jdd1cfybd1m0000gn/T/AppTranslocation/126627D5-3E8E-44C6-9
Launcher Type: SUN_STANDARD

Environment Variables:
PATH=/usr/bin:/bin:/usr/sbin:/sbin
SHELL=/bin/bash

Signal Handlers:
SIGSEGV: [libjvm.dylib+0x5b03ed], sa_mask[0]=11111111011111110111111111111111, sa_flags=SA_ONSTACK|SA_RESTART|SA_SIGINFO
SIGBUS: [libjvm.dylib+0x5b03ed], sa_mask[0]=11111111011111110111111111111111, sa_flags=SA_RESTART|SA_SIGINFO
SIGFPE: [libjvm.dylib+0x48711c], sa_mask[0]=11111111011111110111111111111111, sa_flags=SA_RESTART|SA_SIGINFO
SIGPIPE: [libjvm.dylib+0x48711c], sa_mask[0]=11111111011111110111111111111111, sa_flags=SA_RESTART|SA_SIGINFO
SIGXFSZ: [libjvm.dylib+0x48711c], sa_mask[0]=11111111011111110111111111111111, sa_flags=SA_RESTART|SA_SIGINFO
SIGILL: [libjvm.dylib+0x48711c], sa_mask[0]=11111111011111110111111111111111, sa_flags=SA_RESTART|SA_SIGINFO
SIGUSR1: SIG_DFL, sa_mask[0]=00000000000000000000000000000000, sa_flags=none
SIGUSR2: [libjvm.dylib+0x486c3a], sa_mask[0]=00100000000000000000000000000000, sa_flags=SA_RESTART|SA_SIGINFO
SIGHUP: [libjvm.dylib+0x485211], sa_mask[0]=11111111011111110111111111111111, sa_flags=SA_RESTART|SA_SIGINFO
SIGINT: [libjvm.dylib+0x485211], sa_mask[0]=11111111011111110111111111111111, sa_flags=SA_RESTART|SA_SIGINFO
SIGTERM: [libjvm.dylib+0x485211], sa_mask[0]=11111111011111110111111111111111, sa_flags=SA_RESTART|SA_SIGINFO
SIGQUIT: [libjvm.dylib+0x485211], sa_mask[0]=11111111011111110111111111111111, sa_flags=SA_RESTART|SA_SIGINFO


---------------  S Y S T E M  ---------------

OS:Bsduname:Darwin 17.6.0 Darwin Kernel Version 17.6.0: Tue May  8 15:22:16 PDT 2018; root:xnu-4570.61.1~1/RELEASE_X86_64 x86_64
rlimit: STACK 8192k, CORE 0k, NPROC 709, NOFILE 10240, AS infinity
load average:4.93 6.39 3.17

CPU:total 4 (2 cores per cpu, 2 threads per core) family 6 model 69 stepping 1, cmov, cx8, fxsr, mmx, sse, sse2, sse3, ssse3, sse4.1, sse4.2, popcnt, avx, avx2, aes, clmul, erms, lzcnt, ht, tsc, tscinvbit, bmi1, bmi2

Memory: 4k page, physical 4194304k(15824k free)

/proc/meminfo:


vm_info: Java HotSpot(TM) 64-Bit Server VM (25.111-b14) for bsd-amd64 JRE (1.8.0_111-b14), built on Sep 22 2016 15:31:41 by "java_re" with gcc 4.2.1 (Based on Apple Inc. build 5658) (LLVM build 2336.11.00)

time: Sat Jul  7 13:03:04 2018
elapsed time: 138 seconds (0d 0h 2m 18s)

